<?xml version="1.0" encoding="UTF-8"?>
<!-- Generated by org.testng.reporters.JUnitXMLReporter -->
<testsuite hostname="DESKTOP-280B4F5" ignored="0" name="Test" tests="3" failures="0" timestamp="13 Jul 2020 11:30:56 GMT" time="189.096" errors="0">
  <testcase name="ValidLoginLogout" time="14.106" classname="Com_ActiTime_Test.ValidLoginLogoutTest"/>
  <testcase name="InvalidLogin" time="15.578" classname="Com_ActiTime_Test.InvalidLoginTest"/>
  <testcase name="Verifyversion" time="0.253" classname="Com_ActiTime_Test.VerifyversionTest"/>
</testsuite> <!-- Test -->
