<?xml version="1.0" encoding="UTF-8"?>
<testng-results skipped="0" failed="0" ignored="0" total="3" passed="3">
  <reporter-output>
    <line>
      <![CDATA[Title is matching actiTIME - Login]]>
    </line>
    <line>
      <![CDATA[Title is matching actiTIME - Enter Time-Track]]>
    </line>
    <line>
      <![CDATA[Title is matching actiTIME - Login]]>
    </line>
    <line>
      <![CDATA[Title is matching actiTIME - Login]]>
    </line>
    <line>
      <![CDATA[User name = admin]]>
    </line>
    <line>
      <![CDATA[Password = damager]]>
    </line>
    <line>
      <![CDATA[Element is present.....]]>
    </line>
    <line>
      <![CDATA[========================================]]>
    </line>
    <line>
      <![CDATA[User name = qsp]]>
    </line>
    <line>
      <![CDATA[Password = jsp]]>
    </line>
    <line>
      <![CDATA[Element is present.....]]>
    </line>
    <line>
      <![CDATA[========================================]]>
    </line>
    <line>
      <![CDATA[User name = 45]]>
    </line>
    <line>
      <![CDATA[Password = a]]>
    </line>
    <line>
      <![CDATA[Element is present.....]]>
    </line>
    <line>
      <![CDATA[========================================]]>
    </line>
    <line>
      <![CDATA[User name = a]]>
    </line>
    <line>
      <![CDATA[Password = @]]>
    </line>
    <line>
      <![CDATA[Element is present.....]]>
    </line>
    <line>
      <![CDATA[========================================]]>
    </line>
    <line>
      <![CDATA[User name = 1]]>
    </line>
    <line>
      <![CDATA[Password = 2]]>
    </line>
    <line>
      <![CDATA[Element is present.....]]>
    </line>
    <line>
      <![CDATA[========================================]]>
    </line>
    <line>
      <![CDATA[Title is matching actiTIME - Login]]>
    </line>
    <line>
      <![CDATA[Element is present.....]]>
    </line>
  </reporter-output>
  <suite name="Suite" duration-ms="189096" started-at="2020-07-13T11:27:47Z" finished-at="2020-07-13T11:30:56Z">
    <groups>
    </groups>
    <test name="Test" duration-ms="189096" started-at="2020-07-13T11:27:47Z" finished-at="2020-07-13T11:30:56Z">
      <class name="Com_ActiTime_Test.InvalidLoginTest">
        <test-method status="PASS" signature="precondition()[pri:0, instance:Com_ActiTime_Test.InvalidLoginTest@34340fab]" name="precondition" is-config="true" duration-ms="31551" started-at="2020-07-13T11:29:30Z" finished-at="2020-07-13T11:30:01Z">
          <reporter-output>
          </reporter-output>
        </test-method> <!-- precondition -->
        <test-method status="PASS" signature="InvalidLogin()[pri:2, instance:Com_ActiTime_Test.InvalidLoginTest@34340fab]" name="InvalidLogin" duration-ms="15578" started-at="2020-07-13T11:30:01Z" finished-at="2020-07-13T11:30:17Z">
          <reporter-output>
            <line>
              <![CDATA[Title is matching actiTIME - Login]]>
            </line>
            <line>
              <![CDATA[User name = admin]]>
            </line>
            <line>
              <![CDATA[Password = damager]]>
            </line>
            <line>
              <![CDATA[Element is present.....]]>
            </line>
            <line>
              <![CDATA[========================================]]>
            </line>
            <line>
              <![CDATA[User name = qsp]]>
            </line>
            <line>
              <![CDATA[Password = jsp]]>
            </line>
            <line>
              <![CDATA[Element is present.....]]>
            </line>
            <line>
              <![CDATA[========================================]]>
            </line>
            <line>
              <![CDATA[User name = 45]]>
            </line>
            <line>
              <![CDATA[Password = a]]>
            </line>
            <line>
              <![CDATA[Element is present.....]]>
            </line>
            <line>
              <![CDATA[========================================]]>
            </line>
            <line>
              <![CDATA[User name = a]]>
            </line>
            <line>
              <![CDATA[Password = @]]>
            </line>
            <line>
              <![CDATA[Element is present.....]]>
            </line>
            <line>
              <![CDATA[========================================]]>
            </line>
            <line>
              <![CDATA[User name = 1]]>
            </line>
            <line>
              <![CDATA[Password = 2]]>
            </line>
            <line>
              <![CDATA[Element is present.....]]>
            </line>
            <line>
              <![CDATA[========================================]]>
            </line>
          </reporter-output>
        </test-method> <!-- InvalidLogin -->
        <test-method status="PASS" signature="Postcondition(org.testng.ITestResult)[pri:0, instance:Com_ActiTime_Test.InvalidLoginTest@34340fab]" name="Postcondition" is-config="true" duration-ms="93" started-at="2020-07-13T11:30:17Z" finished-at="2020-07-13T11:30:17Z">
          <params>
            <param index="0">
              <value>
                <![CDATA[[TestResult name=InvalidLogin status=SUCCESS method=InvalidLoginTest.InvalidLogin()[pri:2, instance:Com_ActiTime_Test.InvalidLoginTest@34340fab] output=Title is matching actiTIME - Login]]]>
              </value>
            </param>
          </params>
          <reporter-output>
          </reporter-output>
        </test-method> <!-- Postcondition -->
      </class> <!-- Com_ActiTime_Test.InvalidLoginTest -->
      <class name="Com_ActiTime_Test.VerifyversionTest">
        <test-method status="PASS" signature="precondition()[pri:0, instance:Com_ActiTime_Test.VerifyversionTest@2b80d80f]" name="precondition" is-config="true" duration-ms="38847" started-at="2020-07-13T11:30:17Z" finished-at="2020-07-13T11:30:56Z">
          <reporter-output>
          </reporter-output>
        </test-method> <!-- precondition -->
        <test-method status="PASS" signature="Verifyversion()[pri:3, instance:Com_ActiTime_Test.VerifyversionTest@2b80d80f]" name="Verifyversion" duration-ms="253" started-at="2020-07-13T11:30:56Z" finished-at="2020-07-13T11:30:56Z">
          <reporter-output>
            <line>
              <![CDATA[Title is matching actiTIME - Login]]>
            </line>
            <line>
              <![CDATA[Element is present.....]]>
            </line>
          </reporter-output>
        </test-method> <!-- Verifyversion -->
        <test-method status="PASS" signature="Postcondition(org.testng.ITestResult)[pri:0, instance:Com_ActiTime_Test.VerifyversionTest@2b80d80f]" name="Postcondition" is-config="true" duration-ms="123" started-at="2020-07-13T11:30:56Z" finished-at="2020-07-13T11:30:56Z">
          <params>
            <param index="0">
              <value>
                <![CDATA[[TestResult name=Verifyversion status=SUCCESS method=VerifyversionTest.Verifyversion()[pri:3, instance:Com_ActiTime_Test.VerifyversionTest@2b80d80f] output=Title is matching actiTIME - Login]]]>
              </value>
            </param>
          </params>
          <reporter-output>
          </reporter-output>
        </test-method> <!-- Postcondition -->
      </class> <!-- Com_ActiTime_Test.VerifyversionTest -->
      <class name="Com_ActiTime_Test.ValidLoginLogoutTest">
        <test-method status="PASS" signature="precondition()[pri:0, instance:Com_ActiTime_Test.ValidLoginLogoutTest@2aafb23c]" name="precondition" is-config="true" duration-ms="84354" started-at="2020-07-13T11:27:47Z" finished-at="2020-07-13T11:29:12Z">
          <reporter-output>
          </reporter-output>
        </test-method> <!-- precondition -->
        <test-method status="PASS" signature="ValidLoginLogout()[pri:1, instance:Com_ActiTime_Test.ValidLoginLogoutTest@2aafb23c]" name="ValidLoginLogout" duration-ms="14106" started-at="2020-07-13T11:29:12Z" finished-at="2020-07-13T11:29:26Z">
          <reporter-output>
            <line>
              <![CDATA[Title is matching actiTIME - Login]]>
            </line>
            <line>
              <![CDATA[Title is matching actiTIME - Enter Time-Track]]>
            </line>
            <line>
              <![CDATA[Title is matching actiTIME - Login]]>
            </line>
          </reporter-output>
        </test-method> <!-- ValidLoginLogout -->
        <test-method status="PASS" signature="Postcondition(org.testng.ITestResult)[pri:0, instance:Com_ActiTime_Test.ValidLoginLogoutTest@2aafb23c]" name="Postcondition" is-config="true" duration-ms="4145" started-at="2020-07-13T11:29:26Z" finished-at="2020-07-13T11:29:30Z">
          <params>
            <param index="0">
              <value>
                <![CDATA[[TestResult name=ValidLoginLogout status=SUCCESS method=ValidLoginLogoutTest.ValidLoginLogout()[pri:1, instance:Com_ActiTime_Test.ValidLoginLogoutTest@2aafb23c] output=Title is matching actiTIME - Login]]]>
              </value>
            </param>
          </params>
          <reporter-output>
          </reporter-output>
        </test-method> <!-- Postcondition -->
      </class> <!-- Com_ActiTime_Test.ValidLoginLogoutTest -->
    </test> <!-- Test -->
  </suite> <!-- Suite -->
</testng-results>
