<?xml version="1.0" encoding="UTF-8"?>
<testng-results skipped="0" failed="0" ignored="0" total="1" passed="1">
  <reporter-output>
    <line>
      <![CDATA[hiii]]>
    </line>
  </reporter-output>
  <suite name="Default suite" duration-ms="90" started-at="2020-07-14T10:57:02Z" finished-at="2020-07-14T10:57:02Z">
    <groups>
    </groups>
    <test name="Default test" duration-ms="90" started-at="2020-07-14T10:57:02Z" finished-at="2020-07-14T10:57:02Z">
      <class name="Com_ActiTime_Test.DemoA">
        <test-method status="PASS" signature="testA()[pri:0, instance:Com_ActiTime_Test.DemoA@39aeed2f]" name="testA" duration-ms="26" started-at="2020-07-14T10:57:02Z" finished-at="2020-07-14T10:57:02Z">
          <reporter-output>
            <line>
              <![CDATA[hiii]]>
            </line>
          </reporter-output>
        </test-method> <!-- testA -->
      </class> <!-- Com_ActiTime_Test.DemoA -->
    </test> <!-- Default test -->
  </suite> <!-- Default suite -->
</testng-results>
